Arguments: 
  C:\Program Files\nodejs\node.exe C:\Users\User\AppData\Roaming\npm\node_modules\yarn\bin\yarn.js add react-aria-components

PATH: 
  C:\Program Files\WindowsApps\Microsoft.PowerShell_7.4.1.0_x64__8wekyb3d8bbwe;C:\Users\User\AppData\Local\Programs\Python\Python311\Scripts\;C:\Users\User\AppData\Local\Programs\Python\Python311\;C:\Windows\system32;C:\Windows;C:\Windows\System32\Wbem;C:\Windows\System32\WindowsPowerShell\v1.0\;C:\Windows\System32\OpenSSH\;C:\Program Files (x86)\NVIDIA Corporation\PhysX\Common;C:\Program Files\NVIDIA Corporation\NVIDIA NvDLISR;C:\Program Files\Git\cmd;C:\Users\User\AppData\Roaming\nvm;C:\Program Files\nodejs;C:\Program Files\Docker\Docker\resources\bin;C:\WINDOWS\system32;C:\WINDOWS;C:\WINDOWS\System32\Wbem;C:\WINDOWS\System32\WindowsPowerShell\v1.0\;C:\WINDOWS\System32\OpenSSH\;C:\ProgramData\chocolatey\bin;C:\Program Files\nodejs\;C:\Users\User\.cargo\bin;C:\Users\User\AppData\Local\Programs\Python\Launcher\;C:\Users\User\.console-ninja\.bin;C:\Users\User\scoop\apps\nvm\current\nodejs\nodejs;C:\Users\User\scoop\shims;C:\Users\User\AppData\Local\Microsoft\WindowsApps;C:\Users\User\AppData\Local\Programs\Microsoft VS Code\bin;C:\Users\User\AppData\Local\Programs\oh-my-posh\bin;C:\Users\User\AppData\Roaming\nvm;C:\Program Files\nodejs;C:\Users\User\AppData\Local\Microsoft\WindowsApps;C:\Users\User\.fly\bin;C:\Program Files\PostgreSQL\15\lib;C:\Program Files\PostgreSQL\15\bin;C:\Users\User\AppData\Roaming\npm

Yarn version: 
  1.22.19

Node version: 
  20.9.0

Platform: 
  win32 x64

Trace: 
  Error: EPERM: operation not permitted, unlink 'C:\Users\User\Documents\projects\nahuel-dev\node_modules\@esbuild\win32-x64\esbuild.exe'

npm manifest: 
  {
    "name": "nahuel-dev",
    "private": true,
    "sideEffects": false,
    "type": "module",
    "scripts": {
      "build": "remix build",
      "dev": "remix dev --manual -c \"npm run start\"",
      "lint": "eslint --ignore-path .gitignore --cache --cache-location ./node_modules/.cache/eslint .",
      "start": "wrangler pages dev --compatibility-date=2023-06-21 ./public",
      "typecheck": "tsc",
      "pages:deploy": "npm run build && wrangler pages deploy ./public"
    },
    "dependencies": {
      "@remix-run/cloudflare": "^2.5.1",
      "@remix-run/cloudflare-pages": "^2.5.1",
      "@remix-run/css-bundle": "^2.5.1",
      "@remix-run/react": "^2.5.1",
      "isbot": "^4.1.0",
      "react": "^18.2.0",
      "react-dom": "^18.2.0"
    },
    "devDependencies": {
      "@cloudflare/workers-types": "^4.20240117.0",
      "@remix-run/dev": "^2.5.1",
      "@types/react": "^18.2.20",
      "@types/react-dom": "^18.2.7",
      "@typescript-eslint/eslint-plugin": "^6.7.4",
      "eslint": "^8.38.0",
      "eslint-config-prettier": "^9.0.0",
      "eslint-import-resolver-typescript": "^3.6.1",
      "eslint-plugin-import": "^2.28.1",
      "eslint-plugin-jsx-a11y": "^6.7.1",
      "eslint-plugin-react": "^7.33.2",
      "eslint-plugin-react-hooks": "^4.6.0",
      "typescript": "^5.1.0",
      "wrangler": "3.8.0"
    },
    "engines": {
      "node": ">=18.0.0"
    }
  }

yarn manifest: 
  No manifest

Lockfile: 
  No lockfile
